<?xml version="1.0" encoding="UTF-8"?>
<!-- Generated by org.testng.reporters.JUnitReportReporter -->
<testsuite skipped="0" hostname="W7LPC0HQ7ES" name="test.TestSmartWorkClick" tests="1" failures="0" timestamp="13 Feb 2018 19:38:29 GMT" time="0.257" errors="0">
  <testcase name="linkClick" time="0.257" classname="test.TestSmartWorkClick"/>
</testsuite> <!-- test.TestSmartWorkClick -->
